[debug] [2023-06-20T22:09:07.394Z] ----------------------------------------------------------------------
[debug] [2023-06-20T22:09:07.396Z] Command:       C:\Program Files\nodejs\node.exe C:\Program Files\nodejs\node_modules\firebase-tools\lib\bin\firebase.js serve
[debug] [2023-06-20T22:09:07.396Z] CLI Version:   12.4.0
[debug] [2023-06-20T22:09:07.397Z] Platform:      win32
[debug] [2023-06-20T22:09:07.397Z] Node Version:  v16.16.0
[debug] [2023-06-20T22:09:07.398Z] Time:          Wed Jun 21 2023 03:39:07 GMT+0530 (India Standard Time)
[debug] [2023-06-20T22:09:07.398Z] ----------------------------------------------------------------------
[debug] 
[debug] [2023-06-20T22:09:07.504Z] > command requires scopes: ["email","openid","https://www.googleapis.com/auth/cloudplatformprojects.readonly","https://www.googleapis.com/auth/firebase","https://www.googleapis.com/auth/cloud-platform"]
[debug] [2023-06-20T22:09:07.504Z] > authorizing via signed-in user (dv15022003@gmail.com)
[debug] [2023-06-20T22:09:07.504Z] [iam] checking project olx-sijeesh for permissions ["firebase.projects.get"]
[debug] [2023-06-20T22:09:07.506Z] >>> [apiv2][query] POST https://cloudresourcemanager.googleapis.com/v1/projects/olx-sijeesh:testIamPermissions [none]
[debug] [2023-06-20T22:09:07.506Z] >>> [apiv2][(partial)header] POST https://cloudresourcemanager.googleapis.com/v1/projects/olx-sijeesh:testIamPermissions x-goog-quota-user=projects/olx-sijeesh
[debug] [2023-06-20T22:09:07.506Z] >>> [apiv2][body] POST https://cloudresourcemanager.googleapis.com/v1/projects/olx-sijeesh:testIamPermissions {"permissions":["firebase.projects.get"]}
[debug] [2023-06-20T22:09:09.198Z] <<< [apiv2][status] POST https://cloudresourcemanager.googleapis.com/v1/projects/olx-sijeesh:testIamPermissions 200
[debug] [2023-06-20T22:09:09.198Z] <<< [apiv2][body] POST https://cloudresourcemanager.googleapis.com/v1/projects/olx-sijeesh:testIamPermissions {}
[debug] [2023-06-20T22:09:09.198Z] [iam] error while checking permissions, command may fail: FirebaseError: Authorization failed. This account is missing the following required permissions on project olx-sijeesh:

  firebase.projects.get
[debug] [2023-06-20T22:09:09.199Z] >>> [apiv2][query] GET https://firebase.googleapis.com/v1beta1/projects/olx-sijeesh [none]
[debug] [2023-06-20T22:09:09.871Z] <<< [apiv2][status] GET https://firebase.googleapis.com/v1beta1/projects/olx-sijeesh 403
[debug] [2023-06-20T22:09:09.871Z] <<< [apiv2][body] GET https://firebase.googleapis.com/v1beta1/projects/olx-sijeesh {"error":{"code":403,"message":"The caller does not have permission","status":"PERMISSION_DENIED"}}
[debug] [2023-06-20T22:09:09.872Z] HTTP Error: 403, The caller does not have permission
[debug] [2023-06-20T22:09:10.150Z] FirebaseError: HTTP Error: 403, The caller does not have permission
    at responseToError (C:\Users\diksh\AppData\Roaming\nvm\v16.16.0\node_modules\firebase-tools\lib\responseToError.js:49:12)
    at RetryOperation._fn (C:\Users\diksh\AppData\Roaming\nvm\v16.16.0\node_modules\firebase-tools\lib\apiv2.js:288:77)
    at processTicksAndRejections (node:internal/process/task_queues:96:5)
[error] 
[error] Error: Failed to get Firebase project olx-sijeesh. Please make sure the project exists and your account has permission to access it.
